Using pre-set license
Built from '2020.3/staging' branch; Version is '2020.3.8f1 (507919d4fff5) revision 5273881'; Using compiler version '192528614'; Build Type 'Release'
OS: 'Windows 10 Pro; OS build 19041.985; Version 2004; 64bit' Language: 'de' Physical Memory: 16307 MB
BatchMode: 1, IsHumanControllingUs: 0, StartBugReporterOnCrash: 0, Is64bit: 1, IsPro: 0

 COMMAND LINE ARGUMENTS:
C:\Program Files\Unity\Hub\Editor\2020.3.8f1\Editor\Unity.exe
-adb2
-batchMode
-noUpm
-name
AssetImportWorker0
-projectPath
D:/unity projects/MelonHead/RainbowOverdrive
-logFile
Logs/AssetImportWorker0.log
-srvPort
64176
Successfully changed project path to: D:/unity projects/MelonHead/RainbowOverdrive
D:/unity projects/MelonHead/RainbowOverdrive
Using Asset Import Pipeline V2.
Refreshing native plugins compatible for Editor in 47.09 ms, found 2 plugins.
Preloading 0 native plugins for Editor in 0.00 ms.
Initialize engine version: 2020.3.8f1 (507919d4fff5)
[Subsystems] Discovering subsystems at path C:/Program Files/Unity/Hub/Editor/2020.3.8f1/Editor/Data/Resources/UnitySubsystems
[Subsystems] Discovering subsystems at path D:/unity projects/MelonHead/RainbowOverdrive/Assets
GfxDevice: creating device client; threaded=0
Direct3D:
    Version:  Direct3D 11.0 [level 11.1]
    Renderer: Radeon RX 570 Series (ID=0x67df)
    Vendor:   
    VRAM:     8171 MB
    Driver:   27.20.14501.18003
Initialize mono
Mono path[0] = 'C:/Program Files/Unity/Hub/Editor/2020.3.8f1/Editor/Data/Managed'
Mono path[1] = 'C:/Program Files/Unity/Hub/Editor/2020.3.8f1/Editor/Data/MonoBleedingEdge/lib/mono/unityjit'
Mono config path = 'C:/Program Files/Unity/Hub/Editor/2020.3.8f1/Editor/Data/MonoBleedingEdge/etc'
Using monoOptions --debugger-agent=transport=dt_socket,embedding=1,server=y,suspend=n,address=127.0.0.1:56864
Begin MonoManager ReloadAssembly
Registering precompiled unity dll's ...
Register platform support module: C:/Program Files/Unity/Hub/Editor/2020.3.8f1/Editor/Data/PlaybackEngines/WindowsStandaloneSupport/UnityEditor.WindowsStandalone.Extensions.dll
Registered in 0.001563 seconds.
Native extension for WindowsStandalone target not found
Refreshing native plugins compatible for Editor in 36.84 ms, found 2 plugins.
Preloading 0 native plugins for Editor in 0.00 ms.
Mono: successfully reloaded assembly
- Completed reload, in  0.835 seconds
Platform modules already initialized, skipping
Registering precompiled user dll's ...
Registered in 0.002737 seconds.
Begin MonoManager ReloadAssembly
Native extension for WindowsStandalone target not found
Refreshing native plugins compatible for Editor in 0.80 ms, found 2 plugins.
Preloading 0 native plugins for Editor in 0.00 ms.
RefreshInfo: StopAssetImportingV2(NoUpdateAssetOptions) scanfilter: 
RefreshProfiler: Total: 0.000ms
Mono: successfully reloaded assembly
- Completed reload, in  0.721 seconds
Platform modules already initialized, skipping
========================================================================
Worker process is ready to serve import requests
Launched and connected shader compiler UnityShaderCompiler.exe after 0.03 seconds
Refreshing native plugins compatible for Editor in 0.78 ms, found 2 plugins.
Preloading 0 native plugins for Editor in 0.00 ms.
Unloading 2 Unused Serialized files (Serialized files now loaded: 0)
System memory in use before: 45.6 MB.
System memory in use after: 45.7 MB.

Unloading 68 unused Assets to reduce memory usage. Loaded Objects now: 2127.
Total: 1.715600 ms (FindLiveObjects: 0.190800 ms CreateObjectMapping: 0.038600 ms MarkObjects: 1.423400 ms  DeleteObjects: 0.061800 ms)

========================================================================
Received Import Request.
  path: Assets/Prefabs/UI Canvas.prefab
  artifactKey: Guid(9a1bd12ebb35d4dc997aa0c5494eda9b) Importer(815301076,1909f56bfc062723c751e8b465ee728b)
Start importing Assets/Prefabs/UI Canvas.prefab using Guid(9a1bd12ebb35d4dc997aa0c5494eda9b) Importer(815301076,1909f56bfc062723c751e8b465ee728b)  -> (artifact id: '68ae02e553786cb18ec2b824b53689a6') in 0.083968 seconds
  Import took 0.086797 seconds .

========================================================================
Received Import Request.
  Time since last request: 0.000186 seconds.
  path: Assets/Prefabs/Player.prefab
  artifactKey: Guid(7d60c822c3f1b408ea7a00ecdb5e047a) Importer(815301076,1909f56bfc062723c751e8b465ee728b)
Start importing Assets/Prefabs/Player.prefab using Guid(7d60c822c3f1b408ea7a00ecdb5e047a) Importer(815301076,1909f56bfc062723c751e8b465ee728b)  -> (artifact id: '78c055be0df30eb4dfba3bd310413fa0') in 0.063672 seconds
  Import took 0.066182 seconds .

========================================================================
Received Import Request.
  Time since last request: 0.000187 seconds.
  path: Assets/Prefabs/Enemy.prefab
  artifactKey: Guid(f158aa2be3df6489185ef721f6fd79c1) Importer(815301076,1909f56bfc062723c751e8b465ee728b)
Start importing Assets/Prefabs/Enemy.prefab using Guid(f158aa2be3df6489185ef721f6fd79c1) Importer(815301076,1909f56bfc062723c751e8b465ee728b)  -> (artifact id: '5dd2b65bf99b9c39d7657e1d32ce4010') in 0.035826 seconds
  Import took 0.038710 seconds .

========================================================================
Received Import Request.
  Time since last request: 953.776261 seconds.
  path: Assets/Scripts/Folder seperate our stuff from the sample thing/Player Movement.cs
  artifactKey: Guid(212120b1820255f4d8af6df04f56bda8) Importer(815301076,1909f56bfc062723c751e8b465ee728b)
Start importing Assets/Scripts/Folder seperate our stuff from the sample thing/Player Movement.cs using Guid(212120b1820255f4d8af6df04f56bda8) Importer(815301076,1909f56bfc062723c751e8b465ee728b)  -> (artifact id: 'ae4bb55d5a4839c28e5658edc99d40e7') in 0.009132 seconds
  Import took 0.012320 seconds .

========================================================================
Received Import Request.
  Time since last request: 1391.702063 seconds.
  path: Assets/Scripts/Folder seperate our stuff from the sample thing/PlayerController.cs
  artifactKey: Guid(615ab9caa71d64b44a82cf94975f907a) Importer(815301076,1909f56bfc062723c751e8b465ee728b)
Start importing Assets/Scripts/Folder seperate our stuff from the sample thing/PlayerController.cs using Guid(615ab9caa71d64b44a82cf94975f907a) Importer(815301076,1909f56bfc062723c751e8b465ee728b)  -> (artifact id: '4c36c3a0ddcf72de04d455dfb2ea2d87') in 0.006105 seconds
  Import took 0.009189 seconds .

========================================================================
Received Import Request.
  Time since last request: 160.997509 seconds.
  path: Assets/Scripts/Folder seperate our stuff from the sample thing/PlayerController.cs
  artifactKey: Guid(615ab9caa71d64b44a82cf94975f907a) Importer(815301076,1909f56bfc062723c751e8b465ee728b)
Start importing Assets/Scripts/Folder seperate our stuff from the sample thing/PlayerController.cs using Guid(615ab9caa71d64b44a82cf94975f907a) Importer(815301076,1909f56bfc062723c751e8b465ee728b)  -> (artifact id: '063ea7e3c4c99abbbd4f5c6775fc2514') in 0.001912 seconds
  Import took 0.004941 seconds .

========================================================================
Received Import Request.
  Time since last request: 30.921812 seconds.
  path: Assets/Scripts/Folder seperate our stuff from the sample thing/PlayerController.cs
  artifactKey: Guid(615ab9caa71d64b44a82cf94975f907a) Importer(815301076,1909f56bfc062723c751e8b465ee728b)
Start importing Assets/Scripts/Folder seperate our stuff from the sample thing/PlayerController.cs using Guid(615ab9caa71d64b44a82cf94975f907a) Importer(815301076,1909f56bfc062723c751e8b465ee728b)  -> (artifact id: '88a9cb59c0aacf4182d7dfedc65fedc1') in 0.001909 seconds
  Import took 0.004712 seconds .

========================================================================
Received Import Request.
  Time since last request: 46.105845 seconds.
  path: Assets/Scripts/Folder seperate our stuff from the sample thing/Player Movement.cs
  artifactKey: Guid(212120b1820255f4d8af6df04f56bda8) Importer(815301076,1909f56bfc062723c751e8b465ee728b)
Start importing Assets/Scripts/Folder seperate our stuff from the sample thing/Player Movement.cs using Guid(212120b1820255f4d8af6df04f56bda8) Importer(815301076,1909f56bfc062723c751e8b465ee728b)  -> (artifact id: 'a8a0166105f6cb16a75b0aa4f0b33b34') in 0.001882 seconds
  Import took 0.005744 seconds .

========================================================================
Received Import Request.
  Time since last request: 505.167875 seconds.
  path: Assets/Scripts/Folder seperate our stuff from the sample thing/PlayerController2.cs
  artifactKey: Guid(615ab9caa71d64b44a82cf94975f907a) Importer(815301076,1909f56bfc062723c751e8b465ee728b)
Start importing Assets/Scripts/Folder seperate our stuff from the sample thing/PlayerController2.cs using Guid(615ab9caa71d64b44a82cf94975f907a) Importer(815301076,1909f56bfc062723c751e8b465ee728b)  -> (artifact id: 'dd94d233c8a55ebc76bfd9526e87338d') in 0.005821 seconds
  Import took 0.009303 seconds .

========================================================================
Received Import Request.
  Time since last request: 49.855716 seconds.
  path: Assets/Scripts/Folder seperate our stuff from the sample thing/PlayerController2.cs
  artifactKey: Guid(615ab9caa71d64b44a82cf94975f907a) Importer(815301076,1909f56bfc062723c751e8b465ee728b)
Start importing Assets/Scripts/Folder seperate our stuff from the sample thing/PlayerController2.cs using Guid(615ab9caa71d64b44a82cf94975f907a) Importer(815301076,1909f56bfc062723c751e8b465ee728b)  -> (artifact id: '11ec92ef2681b15af02daef33c35e2be') in 0.001966 seconds
  Import took 0.005022 seconds .

========================================================================
Received Prepare
Registering precompiled user dll's ...
Registered in 0.003343 seconds.
Begin MonoManager ReloadAssembly
Native extension for WindowsStandalone target not found
Refreshing native plugins compatible for Editor in 1.00 ms, found 2 plugins.
Preloading 0 native plugins for Editor in 0.00 ms.
RefreshInfo: StopAssetImportingV2(NoUpdateAssetOptions) scanfilter: 
RefreshProfiler: Total: 0.000ms
Mono: successfully reloaded assembly
- Completed reload, in  0.729 seconds
Platform modules already initialized, skipping
Refreshing native plugins compatible for Editor in 0.85 ms, found 2 plugins.
Preloading 0 native plugins for Editor in 0.00 ms.
Unloading 619 Unused Serialized files (Serialized files now loaded: 0)
System memory in use before: 61.0 MB.
System memory in use after: 61.1 MB.

Unloading 63 unused Assets to reduce memory usage. Loaded Objects now: 2138.
Total: 1.768900 ms (FindLiveObjects: 0.182000 ms CreateObjectMapping: 0.045500 ms MarkObjects: 1.514400 ms  DeleteObjects: 0.025700 ms)

========================================================================
Received Prepare
Registering precompiled user dll's ...
Registered in 0.002927 seconds.
Begin MonoManager ReloadAssembly
Native extension for WindowsStandalone target not found
Refreshing native plugins compatible for Editor in 0.84 ms, found 2 plugins.
Preloading 0 native plugins for Editor in 0.00 ms.
RefreshInfo: StopAssetImportingV2(NoUpdateAssetOptions) scanfilter: 
RefreshProfiler: Total: 0.000ms
Mono: successfully reloaded assembly
- Completed reload, in  0.671 seconds
Platform modules already initialized, skipping
Refreshing native plugins compatible for Editor in 0.83 ms, found 2 plugins.
Preloading 0 native plugins for Editor in 0.00 ms.
Unloading 619 Unused Serialized files (Serialized files now loaded: 0)
System memory in use before: 61.1 MB.
System memory in use after: 61.2 MB.

Unloading 63 unused Assets to reduce memory usage. Loaded Objects now: 2141.
Total: 1.640500 ms (FindLiveObjects: 0.160600 ms CreateObjectMapping: 0.044200 ms MarkObjects: 1.413000 ms  DeleteObjects: 0.021600 ms)

========================================================================
Received Prepare
Registering precompiled user dll's ...
Registered in 0.002971 seconds.
Begin MonoManager ReloadAssembly
Native extension for WindowsStandalone target not found
Refreshing native plugins compatible for Editor in 0.86 ms, found 2 plugins.
Preloading 0 native plugins for Editor in 0.00 ms.
RefreshInfo: StopAssetImportingV2(NoUpdateAssetOptions) scanfilter: 
RefreshProfiler: Total: 0.000ms
Mono: successfully reloaded assembly
- Completed reload, in  0.691 seconds
Platform modules already initialized, skipping
Refreshing native plugins compatible for Editor in 0.92 ms, found 2 plugins.
Preloading 0 native plugins for Editor in 0.00 ms.
Unloading 619 Unused Serialized files (Serialized files now loaded: 0)
System memory in use before: 61.1 MB.
System memory in use after: 61.2 MB.

Unloading 63 unused Assets to reduce memory usage. Loaded Objects now: 2144.
Total: 1.958300 ms (FindLiveObjects: 0.181400 ms CreateObjectMapping: 0.041200 ms MarkObjects: 1.703300 ms  DeleteObjects: 0.031200 ms)

========================================================================
Received Import Request.
  Time since last request: 247.524905 seconds.
  path: Assets/Scripts/Mechanics/PlayerController.cs
  artifactKey: Guid(709ee11994a2f44658e5fc9887c45081) Importer(815301076,1909f56bfc062723c751e8b465ee728b)
Start importing Assets/Scripts/Mechanics/PlayerController.cs using Guid(709ee11994a2f44658e5fc9887c45081) Importer(815301076,1909f56bfc062723c751e8b465ee728b)  -> (artifact id: '9d79fb6968189406c1581605955116d8') in 0.006297 seconds
  Import took 0.009434 seconds .

========================================================================
Received Import Request.
  Time since last request: 0.026852 seconds.
  path: Assets/Scripts/Mechanics/PlayerController.cs
  artifactKey: Guid(709ee11994a2f44658e5fc9887c45081) Importer(815301076,1909f56bfc062723c751e8b465ee728b)
Start importing Assets/Scripts/Mechanics/PlayerController.cs using Guid(709ee11994a2f44658e5fc9887c45081) Importer(815301076,1909f56bfc062723c751e8b465ee728b)  -> (artifact id: '9d79fb6968189406c1581605955116d8') in 0.001871 seconds
  Import took 0.004607 seconds .

========================================================================
Received Prepare
Registering precompiled user dll's ...
Registered in 0.003098 seconds.
Begin MonoManager ReloadAssembly
Native extension for WindowsStandalone target not found
Refreshing native plugins compatible for Editor in 0.86 ms, found 2 plugins.
Preloading 0 native plugins for Editor in 0.00 ms.
RefreshInfo: StopAssetImportingV2(NoUpdateAssetOptions) scanfilter: 
RefreshProfiler: Total: 0.000ms
Mono: successfully reloaded assembly
- Completed reload, in  0.729 seconds
Platform modules already initialized, skipping
Refreshing native plugins compatible for Editor in 0.95 ms, found 2 plugins.
Preloading 0 native plugins for Editor in 0.00 ms.
Unloading 619 Unused Serialized files (Serialized files now loaded: 0)
System memory in use before: 61.1 MB.
System memory in use after: 61.2 MB.

Unloading 63 unused Assets to reduce memory usage. Loaded Objects now: 2147.
Total: 2.407000 ms (FindLiveObjects: 0.289300 ms CreateObjectMapping: 0.049700 ms MarkObjects: 2.034400 ms  DeleteObjects: 0.032300 ms)

========================================================================
Received Prepare
Registering precompiled user dll's ...
Registered in 0.002938 seconds.
Begin MonoManager ReloadAssembly
Native extension for WindowsStandalone target not found
Refreshing native plugins compatible for Editor in 0.85 ms, found 2 plugins.
Preloading 0 native plugins for Editor in 0.00 ms.
RefreshInfo: StopAssetImportingV2(NoUpdateAssetOptions) scanfilter: 
RefreshProfiler: Total: 0.000ms
Mono: successfully reloaded assembly
- Completed reload, in  0.709 seconds
Platform modules already initialized, skipping
Refreshing native plugins compatible for Editor in 0.84 ms, found 2 plugins.
Preloading 0 native plugins for Editor in 0.00 ms.
Unloading 619 Unused Serialized files (Serialized files now loaded: 0)
System memory in use before: 61.1 MB.
System memory in use after: 61.2 MB.

Unloading 63 unused Assets to reduce memory usage. Loaded Objects now: 2150.
Total: 1.636300 ms (FindLiveObjects: 0.161200 ms CreateObjectMapping: 0.037200 ms MarkObjects: 1.414500 ms  DeleteObjects: 0.022400 ms)

========================================================================
Received Prepare
Registering precompiled user dll's ...
Registered in 0.002993 seconds.
Begin MonoManager ReloadAssembly
Native extension for WindowsStandalone target not found
Refreshing native plugins compatible for Editor in 0.86 ms, found 2 plugins.
Preloading 0 native plugins for Editor in 0.00 ms.
RefreshInfo: StopAssetImportingV2(NoUpdateAssetOptions) scanfilter: 
RefreshProfiler: Total: 0.000ms
Mono: successfully reloaded assembly
- Completed reload, in  0.707 seconds
Platform modules already initialized, skipping
Refreshing native plugins compatible for Editor in 0.82 ms, found 2 plugins.
Preloading 0 native plugins for Editor in 0.00 ms.
Unloading 619 Unused Serialized files (Serialized files now loaded: 0)
System memory in use before: 61.1 MB.
System memory in use after: 61.2 MB.

Unloading 63 unused Assets to reduce memory usage. Loaded Objects now: 2153.
Total: 1.715000 ms (FindLiveObjects: 0.161600 ms CreateObjectMapping: 0.043100 ms MarkObjects: 1.485700 ms  DeleteObjects: 0.023700 ms)

========================================================================
Received Prepare
Registering precompiled user dll's ...
Registered in 0.003044 seconds.
Begin MonoManager ReloadAssembly
Native extension for WindowsStandalone target not found
Refreshing native plugins compatible for Editor in 0.86 ms, found 2 plugins.
Preloading 0 native plugins for Editor in 0.00 ms.
RefreshInfo: StopAssetImportingV2(NoUpdateAssetOptions) scanfilter: 
RefreshProfiler: Total: 0.000ms
Mono: successfully reloaded assembly
- Completed reload, in  0.669 seconds
Platform modules already initialized, skipping
Refreshing native plugins compatible for Editor in 0.84 ms, found 2 plugins.
Preloading 0 native plugins for Editor in 0.00 ms.
Unloading 619 Unused Serialized files (Serialized files now loaded: 0)
System memory in use before: 61.1 MB.
System memory in use after: 61.2 MB.

Unloading 63 unused Assets to reduce memory usage. Loaded Objects now: 2156.
Total: 1.632200 ms (FindLiveObjects: 0.155100 ms CreateObjectMapping: 0.036900 ms MarkObjects: 1.417600 ms  DeleteObjects: 0.021600 ms)

========================================================================
Received Prepare
Registering precompiled user dll's ...
Registered in 0.002993 seconds.
Begin MonoManager ReloadAssembly
Native extension for WindowsStandalone target not found
Refreshing native plugins compatible for Editor in 0.86 ms, found 2 plugins.
Preloading 0 native plugins for Editor in 0.00 ms.
RefreshInfo: StopAssetImportingV2(NoUpdateAssetOptions) scanfilter: 
RefreshProfiler: Total: 0.000ms
Mono: successfully reloaded assembly
- Completed reload, in  0.679 seconds
Platform modules already initialized, skipping
Refreshing native plugins compatible for Editor in 0.86 ms, found 2 plugins.
Preloading 0 native plugins for Editor in 0.00 ms.
Unloading 619 Unused Serialized files (Serialized files now loaded: 0)
System memory in use before: 61.1 MB.
System memory in use after: 61.2 MB.

Unloading 63 unused Assets to reduce memory usage. Loaded Objects now: 2159.
Total: 1.677900 ms (FindLiveObjects: 0.153200 ms CreateObjectMapping: 0.037100 ms MarkObjects: 1.464800 ms  DeleteObjects: 0.022000 ms)

========================================================================
Received Prepare
Registering precompiled user dll's ...
Registered in 0.003033 seconds.
Begin MonoManager ReloadAssembly
Native extension for WindowsStandalone target not found
Refreshing native plugins compatible for Editor in 0.85 ms, found 2 plugins.
Preloading 0 native plugins for Editor in 0.00 ms.
RefreshInfo: StopAssetImportingV2(NoUpdateAssetOptions) scanfilter: 
RefreshProfiler: Total: 0.000ms
Mono: successfully reloaded assembly
- Completed reload, in  0.703 seconds
Platform modules already initialized, skipping
Refreshing native plugins compatible for Editor in 0.85 ms, found 2 plugins.
Preloading 0 native plugins for Editor in 0.00 ms.
Unloading 619 Unused Serialized files (Serialized files now loaded: 0)
System memory in use before: 61.1 MB.
System memory in use after: 61.2 MB.

Unloading 63 unused Assets to reduce memory usage. Loaded Objects now: 2162.
Total: 1.628700 ms (FindLiveObjects: 0.154100 ms CreateObjectMapping: 0.035000 ms MarkObjects: 1.416400 ms  DeleteObjects: 0.022300 ms)

========================================================================
Received Prepare
Registering precompiled user dll's ...
Registered in 0.003232 seconds.
Begin MonoManager ReloadAssembly
Native extension for WindowsStandalone target not found
Refreshing native plugins compatible for Editor in 0.87 ms, found 2 plugins.
Preloading 0 native plugins for Editor in 0.00 ms.
RefreshInfo: StopAssetImportingV2(NoUpdateAssetOptions) scanfilter: 
RefreshProfiler: Total: 0.000ms
Mono: successfully reloaded assembly
- Completed reload, in  0.703 seconds
Platform modules already initialized, skipping
Refreshing native plugins compatible for Editor in 0.85 ms, found 2 plugins.
Preloading 0 native plugins for Editor in 0.00 ms.
Unloading 619 Unused Serialized files (Serialized files now loaded: 0)
System memory in use before: 61.1 MB.
System memory in use after: 61.2 MB.

Unloading 63 unused Assets to reduce memory usage. Loaded Objects now: 2165.
Total: 1.642800 ms (FindLiveObjects: 0.158100 ms CreateObjectMapping: 0.049900 ms MarkObjects: 1.411400 ms  DeleteObjects: 0.022600 ms)

========================================================================
Received Prepare
Registering precompiled user dll's ...
Registered in 0.003021 seconds.
Begin MonoManager ReloadAssembly
Native extension for WindowsStandalone target not found
Refreshing native plugins compatible for Editor in 0.85 ms, found 2 plugins.
Preloading 0 native plugins for Editor in 0.00 ms.
RefreshInfo: StopAssetImportingV2(NoUpdateAssetOptions) scanfilter: 
RefreshProfiler: Total: 0.000ms
Mono: successfully reloaded assembly
- Completed reload, in  0.725 seconds
Platform modules already initialized, skipping
Refreshing native plugins compatible for Editor in 0.84 ms, found 2 plugins.
Preloading 0 native plugins for Editor in 0.00 ms.
Unloading 619 Unused Serialized files (Serialized files now loaded: 0)
System memory in use before: 61.1 MB.
System memory in use after: 61.2 MB.

Unloading 63 unused Assets to reduce memory usage. Loaded Objects now: 2168.
Total: 1.630200 ms (FindLiveObjects: 0.154400 ms CreateObjectMapping: 0.035900 ms MarkObjects: 1.415900 ms  DeleteObjects: 0.023000 ms)

========================================================================
Received Prepare
Registering precompiled user dll's ...
Registered in 0.002980 seconds.
Begin MonoManager ReloadAssembly
Native extension for WindowsStandalone target not found
Refreshing native plugins compatible for Editor in 0.84 ms, found 2 plugins.
Preloading 0 native plugins for Editor in 0.00 ms.
RefreshInfo: StopAssetImportingV2(NoUpdateAssetOptions) scanfilter: 
RefreshProfiler: Total: 0.000ms
Mono: successfully reloaded assembly
- Completed reload, in  0.664 seconds
Platform modules already initialized, skipping
Refreshing native plugins compatible for Editor in 0.84 ms, found 2 plugins.
Preloading 0 native plugins for Editor in 0.00 ms.
Unloading 619 Unused Serialized files (Serialized files now loaded: 0)
System memory in use before: 61.1 MB.
System memory in use after: 61.3 MB.

Unloading 63 unused Assets to reduce memory usage. Loaded Objects now: 2171.
Total: 1.608900 ms (FindLiveObjects: 0.152800 ms CreateObjectMapping: 0.036900 ms MarkObjects: 1.396900 ms  DeleteObjects: 0.021500 ms)

========================================================================
Received Import Request.
  Time since last request: 4271.397396 seconds.
  path: ProjectSettings/TagManager.asset
  artifactKey: Guid(00000000000000003000000000000000) Importer(815301076,1909f56bfc062723c751e8b465ee728b)
Start importing ProjectSettings/TagManager.asset using Guid(00000000000000003000000000000000) Importer(815301076,1909f56bfc062723c751e8b465ee728b)  -> (artifact id: 'c1174fd0451a06a66fcd391f924a031a') in 0.015517 seconds
  Import took 0.019053 seconds .

========================================================================
Received Import Request.
  Time since last request: 44.757140 seconds.
  path: ProjectSettings/TagManager.asset
  artifactKey: Guid(00000000000000003000000000000000) Importer(815301076,1909f56bfc062723c751e8b465ee728b)
Start importing ProjectSettings/TagManager.asset using Guid(00000000000000003000000000000000) Importer(815301076,1909f56bfc062723c751e8b465ee728b)  -> (artifact id: 'c6d7a14e698558df28fb8376731882e7') in 0.002169 seconds
  Import took 0.004942 seconds .

========================================================================
Received Prepare
Registering precompiled user dll's ...
Registered in 0.003117 seconds.
Begin MonoManager ReloadAssembly
Native extension for WindowsStandalone target not found
Refreshing native plugins compatible for Editor in 0.92 ms, found 2 plugins.
Preloading 0 native plugins for Editor in 0.00 ms.
RefreshInfo: StopAssetImportingV2(NoUpdateAssetOptions) scanfilter: 
RefreshProfiler: Total: 0.000ms
Mono: successfully reloaded assembly
- Completed reload, in  0.696 seconds
Platform modules already initialized, skipping
Refreshing native plugins compatible for Editor in 0.85 ms, found 2 plugins.
Preloading 0 native plugins for Editor in 0.00 ms.
Unloading 619 Unused Serialized files (Serialized files now loaded: 0)
System memory in use before: 61.2 MB.
System memory in use after: 61.3 MB.

Unloading 65 unused Assets to reduce memory usage. Loaded Objects now: 2174.
Total: 1.814400 ms (FindLiveObjects: 0.181700 ms CreateObjectMapping: 0.038300 ms MarkObjects: 1.561000 ms  DeleteObjects: 0.032100 ms)

========================================================================
Received Prepare
Registering precompiled user dll's ...
Registered in 0.003346 seconds.
Begin MonoManager ReloadAssembly
Native extension for WindowsStandalone target not found
Refreshing native plugins compatible for Editor in 0.90 ms, found 2 plugins.
Preloading 0 native plugins for Editor in 0.00 ms.
RefreshInfo: StopAssetImportingV2(NoUpdateAssetOptions) scanfilter: 
RefreshProfiler: Total: 0.000ms
Mono: successfully reloaded assembly
- Completed reload, in  0.718 seconds
Platform modules already initialized, skipping
Refreshing native plugins compatible for Editor in 0.87 ms, found 2 plugins.
Preloading 0 native plugins for Editor in 0.00 ms.
Unloading 618 Unused Serialized files (Serialized files now loaded: 0)
System memory in use before: 61.1 MB.
System memory in use after: 61.2 MB.

Unloading 64 unused Assets to reduce memory usage. Loaded Objects now: 2176.
Total: 1.745600 ms (FindLiveObjects: 0.190700 ms CreateObjectMapping: 0.037700 ms MarkObjects: 1.491000 ms  DeleteObjects: 0.025200 ms)

========================================================================
Received Prepare
Registering precompiled user dll's ...
Registered in 0.003057 seconds.
Begin MonoManager ReloadAssembly
Native extension for WindowsStandalone target not found
Refreshing native plugins compatible for Editor in 0.87 ms, found 2 plugins.
Preloading 0 native plugins for Editor in 0.00 ms.
RefreshInfo: StopAssetImportingV2(NoUpdateAssetOptions) scanfilter: 
RefreshProfiler: Total: 0.000ms
Mono: successfully reloaded assembly
- Completed reload, in  0.690 seconds
Platform modules already initialized, skipping
Refreshing native plugins compatible for Editor in 0.84 ms, found 2 plugins.
Preloading 0 native plugins for Editor in 0.00 ms.
Unloading 618 Unused Serialized files (Serialized files now loaded: 0)
System memory in use before: 61.1 MB.
System memory in use after: 61.3 MB.

Unloading 63 unused Assets to reduce memory usage. Loaded Objects now: 2179.
Total: 1.694800 ms (FindLiveObjects: 0.188800 ms CreateObjectMapping: 0.039900 ms MarkObjects: 1.438900 ms  DeleteObjects: 0.026400 ms)

========================================================================
Received Prepare
Registering precompiled user dll's ...
Registered in 0.003776 seconds.
Begin MonoManager ReloadAssembly
Native extension for WindowsStandalone target not found
Refreshing native plugins compatible for Editor in 0.85 ms, found 2 plugins.
Preloading 0 native plugins for Editor in 0.00 ms.
RefreshInfo: StopAssetImportingV2(NoUpdateAssetOptions) scanfilter: 
RefreshProfiler: Total: 0.000ms
Mono: successfully reloaded assembly
- Completed reload, in  0.673 seconds
Platform modules already initialized, skipping
Refreshing native plugins compatible for Editor in 0.83 ms, found 2 plugins.
Preloading 0 native plugins for Editor in 0.00 ms.
Unloading 618 Unused Serialized files (Serialized files now loaded: 0)
System memory in use before: 61.1 MB.
System memory in use after: 61.3 MB.

Unloading 63 unused Assets to reduce memory usage. Loaded Objects now: 2182.
Total: 1.745600 ms (FindLiveObjects: 0.161700 ms CreateObjectMapping: 0.037400 ms MarkObjects: 1.522900 ms  DeleteObjects: 0.022400 ms)

========================================================================
Received Import Request.
  Time since last request: 6081.194156 seconds.
  path: Assets/Scripts/Folder seperate our stuff from the sample thing/PlayerController2.cs
  artifactKey: Guid(615ab9caa71d64b44a82cf94975f907a) Importer(815301076,1909f56bfc062723c751e8b465ee728b)
Start importing Assets/Scripts/Folder seperate our stuff from the sample thing/PlayerController2.cs using Guid(615ab9caa71d64b44a82cf94975f907a) Importer(815301076,1909f56bfc062723c751e8b465ee728b)  -> (artifact id: 'ae3c82e24ea31cd7a5512175fdb13394') in 0.003803 seconds
  Import took 0.006951 seconds .

========================================================================
Received Import Request.
  Time since last request: 0.024013 seconds.
  path: Assets/Scripts/Folder seperate our stuff from the sample thing/PlayerController2.cs
  artifactKey: Guid(615ab9caa71d64b44a82cf94975f907a) Importer(815301076,1909f56bfc062723c751e8b465ee728b)
Start importing Assets/Scripts/Folder seperate our stuff from the sample thing/PlayerController2.cs using Guid(615ab9caa71d64b44a82cf94975f907a) Importer(815301076,1909f56bfc062723c751e8b465ee728b)  -> (artifact id: 'ae3c82e24ea31cd7a5512175fdb13394') in 0.002198 seconds
  Import took 0.004951 seconds .

========================================================================
Received Prepare
Registering precompiled user dll's ...
Registered in 0.003300 seconds.
Begin MonoManager ReloadAssembly
Native extension for WindowsStandalone target not found
Refreshing native plugins compatible for Editor in 0.85 ms, found 2 plugins.
Preloading 0 native plugins for Editor in 0.00 ms.
RefreshInfo: StopAssetImportingV2(NoUpdateAssetOptions) scanfilter: 
RefreshProfiler: Total: 0.000ms
Mono: successfully reloaded assembly
- Completed reload, in  0.686 seconds
Platform modules already initialized, skipping
Refreshing native plugins compatible for Editor in 0.84 ms, found 2 plugins.
Preloading 0 native plugins for Editor in 0.00 ms.
Unloading 618 Unused Serialized files (Serialized files now loaded: 0)
System memory in use before: 61.1 MB.
System memory in use after: 61.3 MB.

Unloading 63 unused Assets to reduce memory usage. Loaded Objects now: 2185.
Total: 1.627100 ms (FindLiveObjects: 0.158800 ms CreateObjectMapping: 0.037300 ms MarkObjects: 1.408600 ms  DeleteObjects: 0.021500 ms)

AssetImportWorkerClient::OnTransportError - code=2 error=End of file
